# JRE version: Java(TM) SE Runtime Environment 18.9 (11.0.10+8) (build 11.0.10+8-LTS-162)
# Java VM: Java HotSpot(TM) 64-Bit Server VM 18.9 (11.0.10+8-LTS-162, mixed mode, tiered, compressed oops, g1 gc, windows-amd64)
Heap:
 garbage-first heap   total 131072K, used 93525K [0x0000000080000000, 0x0000000100000000)
  region size 1024K, 22 young (22528K), 3 survivors (3072K)
 Metaspace       used 73126K, capacity 75025K, committed 75164K, reserved 1114112K
  class space    used 9485K, capacity 10135K, committed 10220K, reserved 1048576K
GC Heap History (10 events):
Event: 9.361 GC heap before
{Heap before GC invocations=13 (full 0):
 garbage-first heap   total 131072K, used 100334K [0x0000000080000000, 0x0000000100000000)
  region size 1024K, 42 young (43008K), 2 survivors (2048K)
 Metaspace       used 61771K, capacity 63252K, committed 63388K, reserved 1103872K
  class space    used 7792K, capacity 8300K, committed 8428K, reserved 1048576K
}
Event: 9.365 GC heap after
{Heap after GC invocations=14 (full 0):
 garbage-first heap   total 131072K, used 62497K [0x0000000080000000, 0x0000000100000000)
  region size 1024K, 5 young (5120K), 5 survivors (5120K)
 Metaspace       used 61771K, capacity 63252K, committed 63388K, reserved 1103872K
  class space    used 7792K, capacity 8300K, committed 8428K, reserved 1048576K
}
Event: 9.941 GC heap before
{Heap before GC invocations=14 (full 0):
 garbage-first heap   total 131072K, used 102433K [0x0000000080000000, 0x0000000100000000)
  region size 1024K, 44 young (45056K), 5 survivors (5120K)
 Metaspace       used 66211K, capacity 67830K, committed 68124K, reserved 1107968K
  class space    used 8484K, capacity 9028K, committed 9068K, reserved 1048576K
}
Event: 9.946 GC heap after
{Heap after GC invocations=15 (full 0):
 garbage-first heap   total 131072K, used 65478K [0x0000000080000000, 0x0000000100000000)
  region size 1024K, 3 young (3072K), 3 survivors (3072K)
 Metaspace       used 66211K, capacity 67830K, committed 68124K, reserved 1107968K
  class space    used 8484K, capacity 9028K, committed 9068K, reserved 1048576K
}
Event: 10.348 GC heap before
{Heap before GC invocations=15 (full 0):
 garbage-first heap   total 131072K, used 104390K [0x0000000080000000, 0x0000000100000000)
  region size 1024K, 41 young (41984K), 3 survivors (3072K)
 Metaspace       used 70004K, capacity 71662K, committed 71836K, reserved 1112064K
  class space    used 9033K, capacity 9605K, committed 9708K, reserved 1048576K
}
Event: 10.352 GC heap after
{Heap after GC invocations=16 (full 0):
 garbage-first heap   total 131072K, used 67424K [0x0000000080000000, 0x0000000100000000)
  region size 1024K, 5 young (5120K), 5 survivors (5120K)
 Metaspace       used 70004K, capacity 71662K, committed 71836K, reserved 1112064K
  class space    used 9033K, capacity 9605K, committed 9708K, reserved 1048576K
}
Event: 10.755 GC heap before
{Heap before GC invocations=17 (full 0):
 garbage-first heap   total 131072K, used 106336K [0x0000000080000000, 0x0000000100000000)
  region size 1024K, 43 young (44032K), 5 survivors (5120K)
 Metaspace       used 71979K, capacity 73732K, committed 73884K, reserved 1114112K
  class space    used 9332K, capacity 9942K, committed 9964K, reserved 1048576K
}
Event: 10.761 GC heap after
{Heap after GC invocations=18 (full 0):
 garbage-first heap   total 131072K, used 72827K [0x0000000080000000, 0x0000000100000000)
  region size 1024K, 6 young (6144K), 6 survivors (6144K)
 Metaspace       used 71979K, capacity 73732K, committed 73884K, reserved 1114112K
  class space    used 9332K, capacity 9942K, committed 9964K, reserved 1048576K
}
Event: 11.076 GC heap before
{Heap before GC invocations=18 (full 0):
 garbage-first heap   total 131072K, used 104571K [0x0000000080000000, 0x0000000100000000)
  region size 1024K, 38 young (38912K), 6 survivors (6144K)
 Metaspace       used 72871K, capacity 74671K, committed 74908K, reserved 1114112K
  class space    used 9469K, capacity 10103K, committed 10220K, reserved 1048576K
}
Event: 11.082 GC heap after
{Heap after GC invocations=19 (full 0):
 garbage-first heap   total 131072K, used 75093K [0x0000000080000000, 0x0000000100000000)
  region size 1024K, 3 young (3072K), 3 survivors (3072K)
 Metaspace       used 72871K, capacity 74671K, committed 74908K, reserved 1114112K
  class space    used 9469K, capacity 10103K, committed 10220K, reserved 1048576K
}

